SF:lib/core/errors/failures.dart
DA:5,1
DA:7,3
DA:8,0
DA:14,4
DA:16,0
DA:17,0
DA:22,0
DA:24,0
DA:25,0
DA:30,1
DA:32,0
DA:33,0
LF:12
LH:4
end_of_record
SF:lib/features/auth/domain/usecases/create_user.dart
DA:9,0
DA:13,0
DA:15,0
DA:16,0
DA:17,0
DA:18,0
DA:23,2
DA:30,1
DA:31,0
DA:41,1
DA:42,4
LF:11
LH:4
end_of_record
SF:lib/features/auth/domain/usecases/get_users.dart
DA:9,0
DA:13,0
DA:14,0
LF:3
LH:0
end_of_record
SF:lib/features/auth/presentatation/cubit/auth_state.dart
DA:4,3
DA:6,1
DA:7,1
DA:11,2
DA:15,2
DA:19,1
DA:23,2
DA:27,0
DA:31,0
DA:35,0
DA:39,1
DA:43,1
DA:44,2
LF:13
LH:10
end_of_record
SF:lib/features/auth/presentatation/cubit/auth_cubit.dart
DA:12,1
DA:17,1
DA:22,1
DA:27,1
DA:29,2
DA:30,1
DA:37,1
DA:38,4
DA:39,2
DA:43,0
DA:44,0
DA:45,0
DA:47,0
DA:48,0
DA:49,0
LF:15
LH:9
end_of_record
SF:lib/features/auth/data/data_sources/auth_remote_data_source.dart
DA:32,0
DA:35,0
DA:42,0
DA:43,0
DA:44,0
DA:49,0
DA:51,0
DA:52,0
DA:53,0
DA:54,0
DA:57,0
DA:61,0
DA:65,0
DA:68,0
DA:69,0
DA:70,0
DA:72,0
DA:73,0
DA:74,0
DA:75,0
DA:78,0
DA:79,0
DA:80,0
DA:81,0
DA:85,0
LF:25
LH:0
end_of_record
SF:lib/features/auth/domain/repository/auth_repository.dart
DA:11,0
LF:1
LH:0
end_of_record
SF:lib/core/usecases/usecases.dart
DA:14,0
DA:20,0
LF:2
LH:0
end_of_record
SF:lib/features/auth/domain/entities/user.dart
DA:15,0
DA:16,0
LF:2
LH:0
end_of_record
SF:lib/core/errors/exceptions.dart
DA:4,0
DA:9,0
DA:10,0
DA:14,0
DA:19,0
DA:20,0
LF:6
LH:0
end_of_record
SF:lib/features/auth/data/models/user_model.dart
DA:19,1
DA:26,0
DA:42,0
DA:43,0
LF:4
LH:1
end_of_record
